C51 COMPILER V9.60.0.0   BIRTHDAY                                                          04/09/2022 22:21:08 PAGE 1   


C51 COMPILER V9.60.0.0, COMPILATION OF MODULE BIRTHDAY
OBJECT MODULE PLACED IN .\Objects\birthday.obj
COMPILER INVOKED BY: D:\Program Files\Keil_v5\C51\BIN\C51.EXE birthday.c OPTIMIZE(8,SPEED) BROWSE DEBUG OBJECTEXTEND PRI
                    -NT(.\Listings\birthday.lst) TABS(2) OBJECT(.\Objects\birthday.obj)

line level    source

   1          #include <reg51.h>
   2          #define u8 unsigned char
   3          #define u16 unsigned int
   4          
   5          sbit BEEP=P2^3;
   6          
   7          void delay_ms(u16 x)//??????
   8          {u16 i,j;
   9   1      for(i=0;i<x;i++)
  10   1          for(j=0;j<115;j++);
  11   1      }
  12          
  13          //???????????,?????????????
  14          u8 code SONG_TONE[]={212,212,190,212,159,169,212,212,190,212,142,159,212,212,106,126,159,169,190,119,119,1
             -26,159,142,159,0};
  15          
  16          //????????,?????????????
  17          u8 code SONG_LONG[]={9,3,12,12,12,24,9,3,12,12,12,24,9,3,12,12,12,12,12,9,3,12,12,12,24,0};
  18          
  19          void PlayMusic()
  20          {
  21   1        u16 i=0,j,k;
  22   1        while(SONG_LONG[i]!=0||SONG_TONE[i]!=0)
  23   1        { //??????,SONG_LONG?????
  24   2          for(j=0;j<SONG_LONG[i]*20;j++)
  25   2          {
  26   3            BEEP=~BEEP;
  27   3            //SONG_TONE?????????????
  28   3            for(k=0;k<SONG_TONE[i]/3;k++);
  29   3          }
  30   2          delay_ms(10);
  31   2          i++;    
  32   2        }
  33   1      }
  34          
  35          void main()
  36          {
  37   1       PlayMusic(); //??????
  38   1       while(1);    //??????
  39   1      }


MODULE INFORMATION:   STATIC OVERLAYABLE
   CODE SIZE        =    168    ----
   CONSTANT SIZE    =     52    ----
   XDATA SIZE       =   ----    ----
   PDATA SIZE       =   ----    ----
   DATA SIZE        =   ----       2
   IDATA SIZE       =   ----    ----
   BIT SIZE         =   ----    ----
END OF MODULE INFORMATION.


C51 COMPILATION COMPLETE.  0 WARNING(S),  0 ERROR(S)
