A51 MACRO ASSEMBLER  LED                                                                  04/15/2022 11:50:24 PAGE     1


MACRO ASSEMBLER A51 V8.2.7.0
NO OBJECT MODULE REQUESTED
ASSEMBLER INVOKED BY: D:\Program Files\Keil_v5\C51\BIN\A51.EXE LED.asm SET(SMALL) DEBUG EP

LOC  OBJ            LINE     SOURCE

                       1     
                       2     
                       3     
                       4     
                       5     
                       6     
                       7     
                       8     
                       9     
                      10     
                      11     
                      12     
                      13     
                      14     
                      15     
                      16     
                      17     
                      18     
                      19     
                      20     
                      21     
                      22     
                      23     
                      24     
                      25     
                      26     
                      27     
                      28     
                      29     
                      30     
                      31     
*** ERROR #A300 IN 32 (LED.asm, LINE 31): unterminated comment
                      32     
*** WARNING #A41 IN 32 (LED.asm, LINE 32): MISSING 'END' STATEMENT
A51 MACRO ASSEMBLER  LED                                                                  04/15/2022 11:50:24 PAGE     2

SYMBOL TABLE LISTING
------ ----- -------


N A M E             T Y P E  V A L U E   ATTRIBUTES



REGISTER BANK(S) USED: 0 


ASSEMBLY COMPLETE.  1 WARNING(S), 1 ERROR(S)
